<?xml version="1.0" encoding="UTF-8"?>
<!-- Generated by org.testng.reporters.JUnitReportReporter -->
<testsuite skipped="0" hostname="WTA-L-818" name="AndroidTests" tests="2" failures="0" timestamp="2021-09-28T12:30:57 MDT" time="21.599" errors="0">
  <testcase name="checkButtonFunction" time="10.749" classname="AndroidTests"/>
  <system-out/>
  <testcase name="checkButtonFunction" time="10.850" classname="AndroidTests"/>
  <system-out/>
</testsuite> <!-- AndroidTests -->
