<?xml version="1.0" encoding="UTF-8"?>
<!-- Generated by org.testng.reporters.JUnitReportReporter -->
<testsuite skipped="0" hostname="WTA-L-818" name="BrowserTests" tests="1" failures="0" timestamp="2021-09-28T12:30:57 MDT" time="17.272" errors="0">
  <testcase name="checkWelcomeMessage" time="17.272" classname="BrowserTests"/>
  <system-out/>
</testsuite> <!-- BrowserTests -->
